Start testing: Apr 19 18:28 BST
----------------------------------------------------------
1/1 Testing: FilterTest
1/1 Test: FilterTest
Command: "/home/pi/Mouse-glove/bin/Test"
Directory: /home/pi/Mouse-glove/build/tst
"FilterTest" start time: Apr 19 18:28 BST
Output:
----------------------------------------------------------
Running 9 test cases...

[1;32;49m*** No errors detected
[0;39;49m
<end of output>
Test time =   0.04 sec
----------------------------------------------------------
Test Passed.
"FilterTest" end time: Apr 19 18:28 BST
"FilterTest" time elapsed: 00:00:00
----------------------------------------------------------

End testing: Apr 19 18:28 BST
